[2025-05-02T13:09:54.999Z] ERROR: Query failed : 
Context: {
  "durationMs": 3.263249999999971,
  "error": {},
  "sql": "insert into \"query_logs\" (\"query\", \"normalized_query\", \"duration\", \"connection\", \"status\", \"executed_at\", \"bindings\", \"trace\", \"method\", \"file\", \"line\", \"memory_usage\") values (?, ?, ?, ?, ?, ?, ?, ?, ?, ?, ?, ?)"
}
[2025-05-04T14:03:47.729Z] ERROR: Query failed : 
Context: {
  "durationMs": 0.49095800000031886,
  "error": {},
  "sql": "insert into \"posts\" (\"author_id\", \"title\", \"poster\", \"views\", \"published_at\", \"status\", \"created_at\", \"updated_at\") values (?, ?, ?, ?, ?, ?, ?, ?) returning *"
}
[2025-05-05T09:33:48.685Z] ERROR: Query failed : 
Context: {
  "durationMs": 0.4108750000004875,
  "error": {},
  "sql": "insert into \"taggable\" (\"name\", \"slug\", \"is_active\", \"created_at\", \"taggable_type\") values (?, ?, ?, ?, ?) returning *"
}
[2025-05-05T09:35:28.762Z] ERROR: Query failed : 
Context: {
  "durationMs": 0.38658399999985704,
  "error": {},
  "sql": "insert into \"taggable\" (\"name\", \"slug\", \"is_active\", \"created_at\", \"taggable_type\") values (?, ?, ?, ?, ?) returning *"
}
